[13-Jun-2023 11:05:07 UTC] PHP Warning:  exif_imagetype(C:\Users\phant\Local Sites\lorealv2\app\public/wp-content/uploads/2023/06/gris.jpg): Failed to open stream: No such file or directory in C:\Users\phant\Local Sites\lorealv2\app\public\wp-includes\functions.php on line 3268
[13-Jun-2023 11:05:07 UTC] PHP Warning:  file_get_contents(C:\Users\phant\Local Sites\lorealv2\app\public/wp-content/uploads/2023/06/gris.jpg): Failed to open stream: No such file or directory in C:\Users\phant\Local Sites\lorealv2\app\public\wp-includes\functions.php on line 3291
[13-Jun-2023 12:04:13 UTC] PHP Warning:  Trying to access array offset on value of type null in C:\Users\phant\Local Sites\lorealv2\app\public\wp-content\plugins\siteorigin-panels\inc\admin.php on line 1385
[13-Jun-2023 12:15:18 UTC] PHP Warning:  exif_imagetype(C:\Users\phant\Local Sites\lorealv2\app\public/wp-content/uploads/2023/06/gris.jpg): Failed to open stream: No such file or directory in C:\Users\phant\Local Sites\lorealv2\app\public\wp-includes\functions.php on line 3268
[13-Jun-2023 12:15:18 UTC] PHP Warning:  file_get_contents(C:\Users\phant\Local Sites\lorealv2\app\public/wp-content/uploads/2023/06/gris.jpg): Failed to open stream: No such file or directory in C:\Users\phant\Local Sites\lorealv2\app\public\wp-includes\functions.php on line 3291
[13-Jun-2023 12:36:00 UTC] PHP Warning:  getimagesize(C:\Users\phant\Local Sites\lorealv2\app\public/wp-content/uploads/2023/06/visuel-home1.jpg): Failed to open stream: Permission denied in C:\Users\phant\Local Sites\lorealv2\app\public\wp-content\plugins\elementor\includes\libraries\bfi-thumb\bfi-thumb.php on line 460
[13-Jun-2023 12:36:00 UTC] PHP Warning:  getimagesize(C:\Users\phant\Local Sites\lorealv2\app\public/wp-content/uploads/2023/06/visuel-home2.jpg): Failed to open stream: Permission denied in C:\Users\phant\Local Sites\lorealv2\app\public\wp-content\plugins\elementor\includes\libraries\bfi-thumb\bfi-thumb.php on line 460
[13-Jun-2023 12:36:00 UTC] PHP Warning:  getimagesize(C:\Users\phant\Local Sites\lorealv2\app\public/wp-content/uploads/2023/06/visuel-home3.jpg): Failed to open stream: Permission denied in C:\Users\phant\Local Sites\lorealv2\app\public\wp-content\plugins\elementor\includes\libraries\bfi-thumb\bfi-thumb.php on line 460
[13-Jun-2023 12:36:01 UTC] PHP Warning:  getimagesize(C:\Users\phant\Local Sites\lorealv2\app\public/wp-content/uploads/2023/06/visuel-home1.jpg): Failed to open stream: Permission denied in C:\Users\phant\Local Sites\lorealv2\app\public\wp-content\plugins\elementor\includes\libraries\bfi-thumb\bfi-thumb.php on line 460
[13-Jun-2023 12:36:01 UTC] PHP Warning:  getimagesize(C:\Users\phant\Local Sites\lorealv2\app\public/wp-content/uploads/2023/06/visuel-home2.jpg): Failed to open stream: Permission denied in C:\Users\phant\Local Sites\lorealv2\app\public\wp-content\plugins\elementor\includes\libraries\bfi-thumb\bfi-thumb.php on line 460
[13-Jun-2023 12:36:01 UTC] PHP Warning:  getimagesize(C:\Users\phant\Local Sites\lorealv2\app\public/wp-content/uploads/2023/06/visuel-home3.jpg): Failed to open stream: Permission denied in C:\Users\phant\Local Sites\lorealv2\app\public\wp-content\plugins\elementor\includes\libraries\bfi-thumb\bfi-thumb.php on line 460
[13-Jun-2023 12:36:03 UTC] PHP Warning:  getimagesize(C:\Users\phant\Local Sites\lorealv2\app\public/wp-content/uploads/2023/06/visuel-home1.jpg): Failed to open stream: Permission denied in C:\Users\phant\Local Sites\lorealv2\app\public\wp-content\plugins\elementor\includes\libraries\bfi-thumb\bfi-thumb.php on line 460
[13-Jun-2023 12:36:03 UTC] PHP Warning:  getimagesize(C:\Users\phant\Local Sites\lorealv2\app\public/wp-content/uploads/2023/06/visuel-home2.jpg): Failed to open stream: Permission denied in C:\Users\phant\Local Sites\lorealv2\app\public\wp-content\plugins\elementor\includes\libraries\bfi-thumb\bfi-thumb.php on line 460
[13-Jun-2023 12:36:03 UTC] PHP Warning:  getimagesize(C:\Users\phant\Local Sites\lorealv2\app\public/wp-content/uploads/2023/06/visuel-home3.jpg): Failed to open stream: Permission denied in C:\Users\phant\Local Sites\lorealv2\app\public\wp-content\plugins\elementor\includes\libraries\bfi-thumb\bfi-thumb.php on line 460
[14-Jun-2023 10:18:53 UTC] PHP Parse error:  syntax error, unexpected token "=>" in C:\Users\phant\Local Sites\lorealv2\app\public\wp-content\themes\loreal\archive.php on line 28
[19-Jun-2023 09:28:22 UTC] PHP Warning:  Undefined property: WP_Post_Type::$ID in C:\Users\phant\Local Sites\lorealv2\app\public\wp-content\plugins\menu-image\menu-image.php on line 739
[19-Jun-2023 09:28:22 UTC] PHP Warning:  Undefined property: WP_Post_Type::$ID in C:\Users\phant\Local Sites\lorealv2\app\public\wp-content\plugins\menu-image\menu-image.php on line 743
[19-Jun-2023 09:28:22 UTC] PHP Warning:  Undefined property: WP_Post_Type::$ID in C:\Users\phant\Local Sites\lorealv2\app\public\wp-content\plugins\menu-image\menu-image.php on line 747
[19-Jun-2023 09:28:22 UTC] PHP Warning:  Undefined property: WP_Post_Type::$ID in C:\Users\phant\Local Sites\lorealv2\app\public\wp-content\plugins\menu-image\menu-image.php on line 751
[19-Jun-2023 09:28:22 UTC] PHP Warning:  Undefined property: WP_Post_Type::$ID in C:\Users\phant\Local Sites\lorealv2\app\public\wp-content\plugins\menu-image\menu-image.php on line 753
[21-Jun-2023 14:24:34 UTC] PHP Parse error:  syntax error, unexpected token "<" in C:\Users\phant\Local Sites\lorealv2\app\public\wp-content\plugins\insert-php-code-snippet\shortcode-handler.php(99) : eval()'d code on line 2
[21-Jun-2023 14:24:43 UTC] PHP Parse error:  syntax error, unexpected token "<" in C:\Users\phant\Local Sites\lorealv2\app\public\wp-content\plugins\insert-php-code-snippet\shortcode-handler.php(99) : eval()'d code on line 2
[21-Jun-2023 14:25:04 UTC] PHP Parse error:  syntax error, unexpected token "<" in C:\Users\phant\Local Sites\lorealv2\app\public\wp-content\plugins\insert-php-code-snippet\shortcode-handler.php(99) : eval()'d code on line 2
[21-Jun-2023 14:25:05 UTC] PHP Parse error:  syntax error, unexpected token "<" in C:\Users\phant\Local Sites\lorealv2\app\public\wp-content\plugins\insert-php-code-snippet\shortcode-handler.php(99) : eval()'d code on line 2
[21-Jun-2023 14:25:13 UTC] PHP Parse error:  syntax error, unexpected token "<" in C:\Users\phant\Local Sites\lorealv2\app\public\wp-content\plugins\insert-php-code-snippet\shortcode-handler.php(99) : eval()'d code on line 2
[21-Jun-2023 14:25:16 UTC] PHP Parse error:  syntax error, unexpected token "<" in C:\Users\phant\Local Sites\lorealv2\app\public\wp-content\plugins\insert-php-code-snippet\shortcode-handler.php(99) : eval()'d code on line 2
[21-Jun-2023 14:25:33 UTC] PHP Parse error:  syntax error, unexpected token "<" in C:\Users\phant\Local Sites\lorealv2\app\public\wp-content\plugins\insert-php-code-snippet\shortcode-handler.php(99) : eval()'d code on line 2
[21-Jun-2023 14:25:39 UTC] PHP Parse error:  syntax error, unexpected token "<" in C:\Users\phant\Local Sites\lorealv2\app\public\wp-content\plugins\insert-php-code-snippet\shortcode-handler.php(99) : eval()'d code on line 2
[26-Jun-2023 08:35:16 UTC] PHP Fatal error:  Uncaught Error: Call to undefined function the_posts() in C:\Users\phant\Local Sites\lorealv2\app\public\wp-content\themes\loreal\archive.php:24
Stack trace:
#0 C:\Users\phant\Local Sites\lorealv2\app\public\wp-includes\template.php(785): require()
#1 C:\Users\phant\Local Sites\lorealv2\app\public\wp-includes\template.php(718): load_template('C:\\Users\\phant\\...', false, Array)
#2 C:\Users\phant\Local Sites\lorealv2\app\public\wp-includes\general-template.php(204): locate_template(Array, true, false, Array)
#3 C:\Users\phant\Local Sites\lorealv2\app\public\wp-content\themes\loreal\home.php(1): get_template_part('archive')
#4 C:\Users\phant\Local Sites\lorealv2\app\public\wp-includes\template-loader.php(106): include('C:\\Users\\phant\\...')
#5 C:\Users\phant\Local Sites\lorealv2\app\public\wp-blog-header.php(19): require_once('C:\\Users\\phant\\...')
#6 C:\Users\phant\Local Sites\lorealv2\app\public\index.php(17): require('C:\\Users\\phant\\...')
#7 {main}
  thrown in C:\Users\phant\Local Sites\lorealv2\app\public\wp-content\themes\loreal\archive.php on line 24
[26-Jun-2023 11:12:24 UTC] PHP Parse error:  syntax error, unexpected token "endwhile", expecting end of file in C:\Users\phant\Local Sites\lorealv2\app\public\wp-content\themes\loreal\single.php on line 38
[26-Jun-2023 11:12:35 UTC] PHP Parse error:  syntax error, unexpected token "endwhile", expecting end of file in C:\Users\phant\Local Sites\lorealv2\app\public\wp-content\themes\loreal\single.php on line 40
[26-Jun-2023 11:12:36 UTC] PHP Parse error:  syntax error, unexpected token "endwhile", expecting end of file in C:\Users\phant\Local Sites\lorealv2\app\public\wp-content\themes\loreal\single.php on line 40
[26-Jun-2023 12:52:05 UTC] PHP Fatal error:  Cannot redeclare loreal_register_post_types() (previously declared in C:\Users\phant\Local Sites\lorealv2\app\public\wp-content\themes\loreal\functions.php:48) in C:\Users\phant\Local Sites\lorealv2\app\public\wp-content\themes\loreal\functions.php on line 87
[26-Jun-2023 12:52:05 UTC] PHP Warning:  Trying to access array offset on value of type bool in C:\Users\phant\Local Sites\lorealv2\app\public\wp-includes\class-wp-recovery-mode-email-service.php on line 367
[26-Jun-2023 12:52:05 UTC] PHP Warning:  Trying to access array offset on value of type bool in C:\Users\phant\Local Sites\lorealv2\app\public\wp-includes\class-wp-recovery-mode-email-service.php on line 368
[26-Jun-2023 12:52:08 UTC] PHP Fatal error:  Cannot redeclare loreal_register_post_types() (previously declared in C:\Users\phant\Local Sites\lorealv2\app\public\wp-content\themes\loreal\functions.php:48) in C:\Users\phant\Local Sites\lorealv2\app\public\wp-content\themes\loreal\functions.php on line 87
[26-Jun-2023 12:52:08 UTC] PHP Fatal error:  Cannot redeclare loreal_register_post_types() (previously declared in C:\Users\phant\Local Sites\lorealv2\app\public\wp-content\themes\loreal\functions.php:48) in C:\Users\phant\Local Sites\lorealv2\app\public\wp-content\themes\loreal\functions.php on line 87
[27-Jun-2023 10:33:43 UTC] PHP Parse error:  syntax error, unexpected token "<" in C:\Users\phant\Local Sites\lorealv2\app\public\wp-content\themes\loreal\header.php on line 24
[27-Jun-2023 13:25:42 UTC] PHP Parse error:  Unclosed '{' on line 21 in C:\Users\phant\Local Sites\lorealv2\app\public\wp-content\themes\loreal\header.php on line 41
[27-Jun-2023 13:26:19 UTC] PHP Parse error:  Unclosed '{' on line 21 in C:\Users\phant\Local Sites\lorealv2\app\public\wp-content\themes\loreal\header.php on line 42
[27-Jun-2023 13:26:22 UTC] PHP Parse error:  Unclosed '{' on line 21 in C:\Users\phant\Local Sites\lorealv2\app\public\wp-content\themes\loreal\header.php on line 42
[27-Jun-2023 14:35:21 UTC] PHP Warning:  Undefined array key "title" in C:\Users\phant\Local Sites\lorealv2\app\public\wp-content\plugins\insert-php-code-snippet\widget.php on line 17
[27-Jun-2023 14:35:21 UTC] PHP Warning:  Undefined array key "message" in C:\Users\phant\Local Sites\lorealv2\app\public\wp-content\plugins\insert-php-code-snippet\widget.php on line 18
[27-Jun-2023 14:35:21 UTC] PHP Warning:  Undefined array key 0 in C:\Users\phant\Local Sites\lorealv2\app\public\wp-content\plugins\insert-php-code-snippet\widget.php on line 20
[27-Jun-2023 14:35:21 UTC] PHP Warning:  Attempt to read property "content" on null in C:\Users\phant\Local Sites\lorealv2\app\public\wp-content\plugins\insert-php-code-snippet\widget.php on line 24
[28-Jun-2023 11:04:07 UTC] PHP Fatal error:  Uncaught TypeError: preg_match(): Argument #2 ($subject) must be of type string, array given in C:\Users\phant\Local Sites\lorealv2\app\public\wp-includes\comment.php:2840
Stack trace:
#0 C:\Users\phant\Local Sites\lorealv2\app\public\wp-includes\comment.php(2840): preg_match('#(image|audio|v...', Array)
#1 C:\Users\phant\Local Sites\lorealv2\app\public\wp-includes\comment.php(3119): discover_pingback_server_uri('http://williams...')
#2 C:\Users\phant\Local Sites\lorealv2\app\public\wp-includes\comment.php(2912): pingback('<h1>Delectus in...', Object(WP_Post))
#3 C:\Users\phant\Local Sites\lorealv2\app\public\wp-includes\class-wp-hook.php(306): do_all_pingbacks()
#4 C:\Users\phant\Local Sites\lorealv2\app\public\wp-includes\class-wp-hook.php(332): WP_Hook->apply_filters('', Array)
#5 C:\Users\phant\Local Sites\lorealv2\app\public\wp-includes\plugin.php(517): WP_Hook->do_action(Array)
#6 C:\Users\phant\Local Sites\lorealv2\app\public\wp-includes\comment.php(2891): do_action('do_all_pings')
#7 C:\Users\phant\Local Sites\lorealv2\app\public\wp-includes\class-wp-hook.php(306): do_all_pings()
#8 C:\Users\phant\Local Sites\lorealv2\app\public\wp-includes\class-wp-hook.php(332): WP_Hook->apply_filters('', Array)
#9 C:\Users\phant\Local Sites\lorealv2\app\public\wp-includes\plugin.php(565): WP_Hook->do_action(Array)
#10 C:\Users\phant\Local Sites\lorealv2\app\public\wp-cron.php(188): do_action_ref_array('do_pings', Array)
#11 {main}
  thrown in C:\Users\phant\Local Sites\lorealv2\app\public\wp-includes\comment.php on line 2840
[28-Jun-2023 11:34:05 UTC] PHP Fatal error:  Uncaught Error: Call to undefined function get_therms() in C:\Users\phant\Local Sites\lorealv2\app\public\wp-content\themes\loreal\archive.php:36
Stack trace:
#0 C:\Users\phant\Local Sites\lorealv2\app\public\wp-includes\template-loader.php(106): include()
#1 C:\Users\phant\Local Sites\lorealv2\app\public\wp-blog-header.php(19): require_once('C:\\Users\\phant\\...')
#2 C:\Users\phant\Local Sites\lorealv2\app\public\index.php(17): require('C:\\Users\\phant\\...')
#3 {main}
  thrown in C:\Users\phant\Local Sites\lorealv2\app\public\wp-content\themes\loreal\archive.php on line 36
[28-Jun-2023 11:39:12 UTC] PHP Warning:  Undefined variable $term_list in C:\Users\phant\Local Sites\lorealv2\app\public\wp-content\themes\loreal\archive.php on line 36
[28-Jun-2023 11:39:12 UTC] PHP Warning:  Undefined variable $term_list in C:\Users\phant\Local Sites\lorealv2\app\public\wp-content\themes\loreal\archive.php on line 36
[28-Jun-2023 11:39:12 UTC] PHP Warning:  Undefined variable $term_list in C:\Users\phant\Local Sites\lorealv2\app\public\wp-content\themes\loreal\archive.php on line 36
[28-Jun-2023 12:17:11 UTC] PHP Fatal error:  Uncaught TypeError: strpos(): Argument #1 ($haystack) must be of type string, array given in C:\Users\phant\Local Sites\lorealv2\app\public\wp-includes\functions.php:964
Stack trace:
#0 C:\Users\phant\Local Sites\lorealv2\app\public\wp-includes\functions.php(964): strpos(Array, '/')
#1 C:\Users\phant\Local Sites\lorealv2\app\public\wp-includes\comment.php(2934): do_enclose('<h1>Delectus in...', Object(WP_Post))
#2 C:\Users\phant\Local Sites\lorealv2\app\public\wp-includes\class-wp-hook.php(306): do_all_enclosures()
#3 C:\Users\phant\Local Sites\lorealv2\app\public\wp-includes\class-wp-hook.php(332): WP_Hook->apply_filters(NULL, Array)
#4 C:\Users\phant\Local Sites\lorealv2\app\public\wp-includes\plugin.php(517): WP_Hook->do_action(Array)
#5 C:\Users\phant\Local Sites\lorealv2\app\public\wp-includes\comment.php(2891): do_action('do_all_pings')
#6 C:\Users\phant\Local Sites\lorealv2\app\public\wp-includes\class-wp-hook.php(306): do_all_pings()
#7 C:\Users\phant\Local Sites\lorealv2\app\public\wp-includes\class-wp-hook.php(332): WP_Hook->apply_filters('', Array)
#8 C:\Users\phant\Local Sites\lorealv2\app\public\wp-includes\plugin.php(565): WP_Hook->do_action(Array)
#9 C:\Users\phant\Local Sites\lorealv2\app\public\wp-cron.php(188): do_action_ref_array('do_pings', Array)
#10 {main}
  thrown in C:\Users\phant\Local Sites\lorealv2\app\public\wp-includes\functions.php on line 964
[28-Jun-2023 12:18:22 UTC] PHP Fatal error:  Uncaught TypeError: preg_match(): Argument #2 ($subject) must be of type string, array given in C:\Users\phant\Local Sites\lorealv2\app\public\wp-includes\comment.php:2840
Stack trace:
#0 C:\Users\phant\Local Sites\lorealv2\app\public\wp-includes\comment.php(2840): preg_match('#(image|audio|v...', Array)
#1 C:\Users\phant\Local Sites\lorealv2\app\public\wp-includes\comment.php(3119): discover_pingback_server_uri('http://williams...')
#2 C:\Users\phant\Local Sites\lorealv2\app\public\wp-includes\comment.php(2912): pingback('<h1>Delectus in...', Object(WP_Post))
#3 C:\Users\phant\Local Sites\lorealv2\app\public\wp-includes\class-wp-hook.php(306): do_all_pingbacks()
#4 C:\Users\phant\Local Sites\lorealv2\app\public\wp-includes\class-wp-hook.php(332): WP_Hook->apply_filters('', Array)
#5 C:\Users\phant\Local Sites\lorealv2\app\public\wp-includes\plugin.php(517): WP_Hook->do_action(Array)
#6 C:\Users\phant\Local Sites\lorealv2\app\public\wp-includes\comment.php(2891): do_action('do_all_pings')
#7 C:\Users\phant\Local Sites\lorealv2\app\public\wp-includes\class-wp-hook.php(306): do_all_pings()
#8 C:\Users\phant\Local Sites\lorealv2\app\public\wp-includes\class-wp-hook.php(332): WP_Hook->apply_filters('', Array)
#9 C:\Users\phant\Local Sites\lorealv2\app\public\wp-includes\plugin.php(565): WP_Hook->do_action(Array)
#10 C:\Users\phant\Local Sites\lorealv2\app\public\wp-cron.php(188): do_action_ref_array('do_pings', Array)
#11 {main}
  thrown in C:\Users\phant\Local Sites\lorealv2\app\public\wp-includes\comment.php on line 2840
[28-Jun-2023 12:20:12 UTC] PHP Fatal error:  Uncaught TypeError: strpos(): Argument #1 ($haystack) must be of type string, array given in C:\Users\phant\Local Sites\lorealv2\app\public\wp-includes\functions.php:964
Stack trace:
#0 C:\Users\phant\Local Sites\lorealv2\app\public\wp-includes\functions.php(964): strpos(Array, '/')
#1 C:\Users\phant\Local Sites\lorealv2\app\public\wp-includes\comment.php(2934): do_enclose('<h1>Delectus in...', Object(WP_Post))
#2 C:\Users\phant\Local Sites\lorealv2\app\public\wp-includes\class-wp-hook.php(306): do_all_enclosures()
#3 C:\Users\phant\Local Sites\lorealv2\app\public\wp-includes\class-wp-hook.php(332): WP_Hook->apply_filters(NULL, Array)
#4 C:\Users\phant\Local Sites\lorealv2\app\public\wp-includes\plugin.php(517): WP_Hook->do_action(Array)
#5 C:\Users\phant\Local Sites\lorealv2\app\public\wp-includes\comment.php(2891): do_action('do_all_pings')
#6 C:\Users\phant\Local Sites\lorealv2\app\public\wp-includes\class-wp-hook.php(306): do_all_pings()
#7 C:\Users\phant\Local Sites\lorealv2\app\public\wp-includes\class-wp-hook.php(332): WP_Hook->apply_filters('', Array)
#8 C:\Users\phant\Local Sites\lorealv2\app\public\wp-includes\plugin.php(565): WP_Hook->do_action(Array)
#9 C:\Users\phant\Local Sites\lorealv2\app\public\wp-cron.php(188): do_action_ref_array('do_pings', Array)
#10 {main}
  thrown in C:\Users\phant\Local Sites\lorealv2\app\public\wp-includes\functions.php on line 964
[28-Jun-2023 12:23:21 UTC] PHP Fatal error:  Uncaught TypeError: preg_match(): Argument #2 ($subject) must be of type string, array given in C:\Users\phant\Local Sites\lorealv2\app\public\wp-includes\comment.php:2840
Stack trace:
#0 C:\Users\phant\Local Sites\lorealv2\app\public\wp-includes\comment.php(2840): preg_match('#(image|audio|v...', Array)
#1 C:\Users\phant\Local Sites\lorealv2\app\public\wp-includes\comment.php(3119): discover_pingback_server_uri('http://williams...')
#2 C:\Users\phant\Local Sites\lorealv2\app\public\wp-includes\comment.php(2912): pingback('<h1>Delectus in...', Object(WP_Post))
#3 C:\Users\phant\Local Sites\lorealv2\app\public\wp-includes\class-wp-hook.php(306): do_all_pingbacks()
#4 C:\Users\phant\Local Sites\lorealv2\app\public\wp-includes\class-wp-hook.php(332): WP_Hook->apply_filters('', Array)
#5 C:\Users\phant\Local Sites\lorealv2\app\public\wp-includes\plugin.php(517): WP_Hook->do_action(Array)
#6 C:\Users\phant\Local Sites\lorealv2\app\public\wp-includes\comment.php(2891): do_action('do_all_pings')
#7 C:\Users\phant\Local Sites\lorealv2\app\public\wp-includes\class-wp-hook.php(306): do_all_pings()
#8 C:\Users\phant\Local Sites\lorealv2\app\public\wp-includes\class-wp-hook.php(332): WP_Hook->apply_filters('', Array)
#9 C:\Users\phant\Local Sites\lorealv2\app\public\wp-includes\plugin.php(565): WP_Hook->do_action(Array)
#10 C:\Users\phant\Local Sites\lorealv2\app\public\wp-cron.php(188): do_action_ref_array('do_pings', Array)
#11 {main}
  thrown in C:\Users\phant\Local Sites\lorealv2\app\public\wp-includes\comment.php on line 2840
[04-Jul-2023 09:47:06 UTC] PHP Parse error:  syntax error, unexpected single-quoted string "second", expecting ")" in C:\Users\phant\Local Sites\lorealv2\app\public\wp-content\themes\loreal\functions.php on line 38
[04-Jul-2023 09:47:06 UTC] PHP Warning:  Trying to access array offset on value of type bool in C:\Users\phant\Local Sites\lorealv2\app\public\wp-includes\class-wp-recovery-mode-email-service.php on line 367
[04-Jul-2023 09:47:06 UTC] PHP Warning:  Trying to access array offset on value of type bool in C:\Users\phant\Local Sites\lorealv2\app\public\wp-includes\class-wp-recovery-mode-email-service.php on line 368
[04-Jul-2023 09:55:32 UTC] PHP Fatal error:  Uncaught TypeError: strpos(): Argument #1 ($haystack) must be of type string, array given in C:\Users\phant\Local Sites\lorealv2\app\public\wp-includes\functions.php:964
Stack trace:
#0 C:\Users\phant\Local Sites\lorealv2\app\public\wp-includes\functions.php(964): strpos(Array, '/')
#1 C:\Users\phant\Local Sites\lorealv2\app\public\wp-includes\comment.php(2934): do_enclose('<h1>Delectus in...', Object(WP_Post))
#2 C:\Users\phant\Local Sites\lorealv2\app\public\wp-includes\class-wp-hook.php(306): do_all_enclosures()
#3 C:\Users\phant\Local Sites\lorealv2\app\public\wp-includes\class-wp-hook.php(332): WP_Hook->apply_filters(NULL, Array)
#4 C:\Users\phant\Local Sites\lorealv2\app\public\wp-includes\plugin.php(517): WP_Hook->do_action(Array)
#5 C:\Users\phant\Local Sites\lorealv2\app\public\wp-includes\comment.php(2891): do_action('do_all_pings')
#6 C:\Users\phant\Local Sites\lorealv2\app\public\wp-includes\class-wp-hook.php(306): do_all_pings()
#7 C:\Users\phant\Local Sites\lorealv2\app\public\wp-includes\class-wp-hook.php(332): WP_Hook->apply_filters('', Array)
#8 C:\Users\phant\Local Sites\lorealv2\app\public\wp-includes\plugin.php(565): WP_Hook->do_action(Array)
#9 C:\Users\phant\Local Sites\lorealv2\app\public\wp-cron.php(188): do_action_ref_array('do_pings', Array)
#10 {main}
  thrown in C:\Users\phant\Local Sites\lorealv2\app\public\wp-includes\functions.php on line 964
[04-Jul-2023 10:28:38 UTC] PHP Warning:  require(include/footer.php): Failed to open stream: No such file or directory in C:\Users\phant\Local Sites\lorealv2\app\public\wp-content\themes\loreal\single.php on line 871
[04-Jul-2023 10:28:38 UTC] PHP Fatal error:  Uncaught Error: Failed opening required 'include/footer.php' (include_path='.:/usr/share/php:/www/wp-content/pear') in C:\Users\phant\Local Sites\lorealv2\app\public\wp-content\themes\loreal\single.php:871
Stack trace:
#0 C:\Users\phant\Local Sites\lorealv2\app\public\wp-includes\template-loader.php(106): include()
#1 C:\Users\phant\Local Sites\lorealv2\app\public\wp-blog-header.php(19): require_once('C:\\Users\\phant\\...')
#2 C:\Users\phant\Local Sites\lorealv2\app\public\index.php(17): require('C:\\Users\\phant\\...')
#3 {main}
  thrown in C:\Users\phant\Local Sites\lorealv2\app\public\wp-content\themes\loreal\single.php on line 871
[04-Jul-2023 10:32:06 UTC] PHP Warning:  require(include/footer.php): Failed to open stream: No such file or directory in C:\Users\phant\Local Sites\lorealv2\app\public\wp-content\themes\loreal\single-portfolio.php on line 820
[04-Jul-2023 10:32:06 UTC] PHP Fatal error:  Uncaught Error: Failed opening required 'include/footer.php' (include_path='.:/usr/share/php:/www/wp-content/pear') in C:\Users\phant\Local Sites\lorealv2\app\public\wp-content\themes\loreal\single-portfolio.php:820
Stack trace:
#0 C:\Users\phant\Local Sites\lorealv2\app\public\wp-includes\template-loader.php(106): include()
#1 C:\Users\phant\Local Sites\lorealv2\app\public\wp-blog-header.php(19): require_once('C:\\Users\\phant\\...')
#2 C:\Users\phant\Local Sites\lorealv2\app\public\index.php(17): require('C:\\Users\\phant\\...')
#3 {main}
  thrown in C:\Users\phant\Local Sites\lorealv2\app\public\wp-content\themes\loreal\single-portfolio.php on line 820
[04-Jul-2023 14:41:19 UTC] PHP Warning:  Array to string conversion in C:\Users\phant\Local Sites\lorealv2\app\public\wp-content\themes\loreal\single.php on line 67
[04-Jul-2023 14:41:19 UTC] PHP Warning:  Array to string conversion in C:\Users\phant\Local Sites\lorealv2\app\public\wp-content\themes\loreal\single.php on line 72
[04-Jul-2023 14:42:02 UTC] PHP Warning:  Array to string conversion in C:\Users\phant\Local Sites\lorealv2\app\public\wp-content\themes\loreal\single.php on line 67
[04-Jul-2023 14:42:02 UTC] PHP Warning:  Array to string conversion in C:\Users\phant\Local Sites\lorealv2\app\public\wp-content\themes\loreal\single.php on line 72
[04-Jul-2023 14:47:17 UTC] PHP Warning:  Uninitialized string offset 1 in C:\Users\phant\Local Sites\lorealv2\app\public\wp-content\themes\loreal\single.php on line 65
[04-Jul-2023 14:47:17 UTC] PHP Warning:  Undefined array key 1 in C:\Users\phant\Local Sites\lorealv2\app\public\wp-content\themes\loreal\single.php on line 67
[04-Jul-2023 14:47:17 UTC] PHP Warning:  Undefined array key 1 in C:\Users\phant\Local Sites\lorealv2\app\public\wp-content\themes\loreal\single.php on line 72
[04-Jul-2023 14:47:52 UTC] PHP Warning:  Uninitialized string offset 0 in C:\Users\phant\Local Sites\lorealv2\app\public\wp-content\themes\loreal\single.php on line 65
[04-Jul-2023 14:47:52 UTC] PHP Warning:  Undefined array key 1 in C:\Users\phant\Local Sites\lorealv2\app\public\wp-content\themes\loreal\single.php on line 67
[04-Jul-2023 14:47:52 UTC] PHP Warning:  Undefined array key 1 in C:\Users\phant\Local Sites\lorealv2\app\public\wp-content\themes\loreal\single.php on line 72
[04-Jul-2023 14:47:55 UTC] PHP Warning:  Uninitialized string offset 0 in C:\Users\phant\Local Sites\lorealv2\app\public\wp-content\themes\loreal\single.php on line 65
[04-Jul-2023 14:47:55 UTC] PHP Warning:  Undefined array key 1 in C:\Users\phant\Local Sites\lorealv2\app\public\wp-content\themes\loreal\single.php on line 67
[04-Jul-2023 14:47:55 UTC] PHP Warning:  Undefined array key 1 in C:\Users\phant\Local Sites\lorealv2\app\public\wp-content\themes\loreal\single.php on line 72
[04-Jul-2023 14:48:09 UTC] PHP Warning:  Uninitialized string offset 1 in C:\Users\phant\Local Sites\lorealv2\app\public\wp-content\themes\loreal\single.php on line 65
[04-Jul-2023 14:48:09 UTC] PHP Warning:  Undefined array key 1 in C:\Users\phant\Local Sites\lorealv2\app\public\wp-content\themes\loreal\single.php on line 67
[04-Jul-2023 14:48:09 UTC] PHP Warning:  Undefined array key 1 in C:\Users\phant\Local Sites\lorealv2\app\public\wp-content\themes\loreal\single.php on line 72
[04-Jul-2023 14:48:55 UTC] PHP Warning:  Uninitialized string offset 1 in C:\Users\phant\Local Sites\lorealv2\app\public\wp-content\themes\loreal\single.php on line 65
[04-Jul-2023 14:48:55 UTC] PHP Warning:  Undefined array key 1 in C:\Users\phant\Local Sites\lorealv2\app\public\wp-content\themes\loreal\single.php on line 67
[04-Jul-2023 14:48:55 UTC] PHP Warning:  Undefined array key 1 in C:\Users\phant\Local Sites\lorealv2\app\public\wp-content\themes\loreal\single.php on line 72
[04-Jul-2023 14:49:06 UTC] PHP Warning:  Uninitialized string offset 1 in C:\Users\phant\Local Sites\lorealv2\app\public\wp-content\themes\loreal\single.php on line 65
[04-Jul-2023 14:49:06 UTC] PHP Warning:  Undefined array key 1 in C:\Users\phant\Local Sites\lorealv2\app\public\wp-content\themes\loreal\single.php on line 72
[04-Jul-2023 14:50:13 UTC] PHP Warning:  Uninitialized string offset 1 in C:\Users\phant\Local Sites\lorealv2\app\public\wp-content\themes\loreal\single.php on line 65
[04-Jul-2023 14:50:13 UTC] PHP Warning:  Undefined array key 1 in C:\Users\phant\Local Sites\lorealv2\app\public\wp-content\themes\loreal\single.php on line 72
[04-Jul-2023 14:50:25 UTC] PHP Warning:  Uninitialized string offset 1 in C:\Users\phant\Local Sites\lorealv2\app\public\wp-content\themes\loreal\single.php on line 65
[04-Jul-2023 14:50:25 UTC] PHP Warning:  Undefined array key 1 in C:\Users\phant\Local Sites\lorealv2\app\public\wp-content\themes\loreal\single.php on line 72
[04-Jul-2023 14:50:39 UTC] PHP Fatal error:  Uncaught TypeError: Cannot access offset of type string on string in C:\Users\phant\Local Sites\lorealv2\app\public\wp-content\themes\loreal\single.php:65
Stack trace:
#0 C:\Users\phant\Local Sites\lorealv2\app\public\wp-includes\template-loader.php(106): include()
#1 C:\Users\phant\Local Sites\lorealv2\app\public\wp-blog-header.php(19): require_once('C:\\Users\\phant\\...')
#2 C:\Users\phant\Local Sites\lorealv2\app\public\index.php(17): require('C:\\Users\\phant\\...')
#3 {main}
  thrown in C:\Users\phant\Local Sites\lorealv2\app\public\wp-content\themes\loreal\single.php on line 65
[04-Jul-2023 14:50:56 UTC] PHP Warning:  Uninitialized string offset 1 in C:\Users\phant\Local Sites\lorealv2\app\public\wp-content\themes\loreal\single.php on line 65
[04-Jul-2023 14:51:13 UTC] PHP Parse error:  syntax error, unexpected token ";", expecting ")" in C:\Users\phant\Local Sites\lorealv2\app\public\wp-content\themes\loreal\single.php on line 65
[04-Jul-2023 14:51:18 UTC] PHP Warning:  Uninitialized string offset 1 in C:\Users\phant\Local Sites\lorealv2\app\public\wp-content\themes\loreal\single.php on line 65
[04-Jul-2023 15:03:17 UTC] PHP Parse error:  syntax error, unexpected token "echo" in C:\Users\phant\Local Sites\lorealv2\app\public\wp-content\themes\loreal\single.php on line 182
[04-Jul-2023 15:05:22 UTC] PHP Parse error:  syntax error, unexpected token "}", expecting "," or ";" in C:\Users\phant\Local Sites\lorealv2\app\public\wp-content\themes\loreal\single.php on line 182
[04-Jul-2023 15:08:00 UTC] PHP Warning:  Array to string conversion in C:\Users\phant\Local Sites\lorealv2\app\public\wp-content\themes\loreal\single.php on line 180
[05-Jul-2023 09:44:55 UTC] PHP Fatal error:  Uncaught TypeError: Cannot access offset of type string on string in C:\Users\phant\Local Sites\lorealv2\app\public\wp-content\themes\loreal\single.php:66
Stack trace:
#0 C:\Users\phant\Local Sites\lorealv2\app\public\wp-includes\template-loader.php(106): include()
#1 C:\Users\phant\Local Sites\lorealv2\app\public\wp-blog-header.php(19): require_once('C:\\Users\\phant\\...')
#2 C:\Users\phant\Local Sites\lorealv2\app\public\index.php(17): require('C:\\Users\\phant\\...')
#3 {main}
  thrown in C:\Users\phant\Local Sites\lorealv2\app\public\wp-content\themes\loreal\single.php on line 66
[05-Jul-2023 09:45:31 UTC] PHP Fatal error:  Cannot use [] for reading in C:\Users\phant\Local Sites\lorealv2\app\public\wp-content\themes\loreal\single.php on line 66
[05-Jul-2023 10:25:22 UTC] PHP Warning:  Trying to access array offset on value of type bool in C:\Users\phant\Local Sites\lorealv2\app\public\wp-content\themes\loreal\single.php on line 15
[11-Jul-2023 11:17:22 UTC] PHP Fatal error:  Uncaught TypeError: Cannot access offset of type string on string in C:\Users\phant\Local Sites\lorealv2\app\public\wp-content\themes\loreal\single.php:32
Stack trace:
#0 C:\Users\phant\Local Sites\lorealv2\app\public\wp-includes\template-loader.php(106): include()
#1 C:\Users\phant\Local Sites\lorealv2\app\public\wp-blog-header.php(19): require_once('C:\\Users\\phant\\...')
#2 C:\Users\phant\Local Sites\lorealv2\app\public\index.php(17): require('C:\\Users\\phant\\...')
#3 {main}
  thrown in C:\Users\phant\Local Sites\lorealv2\app\public\wp-content\themes\loreal\single.php on line 32
[11-Jul-2023 11:26:52 UTC] PHP Warning:  Trying to access array offset on value of type bool in C:\Users\phant\Local Sites\lorealv2\app\public\wp-content\themes\loreal\single.php on line 40
[11-Jul-2023 11:30:27 UTC] PHP Parse error:  syntax error, unexpected token "isset", expecting "(" in C:\Users\phant\Local Sites\lorealv2\app\public\wp-content\themes\loreal\single.php on line 39
[11-Jul-2023 11:30:41 UTC] PHP Fatal error:  Cannot use isset() on the result of an expression (you can use "null !== expression" instead) in C:\Users\phant\Local Sites\lorealv2\app\public\wp-content\themes\loreal\single.php on line 39
[11-Jul-2023 11:47:43 UTC] PHP Fatal error:  Uncaught TypeError: Cannot access offset of type string on string in C:\Users\phant\Local Sites\lorealv2\app\public\wp-content\themes\loreal\single.php:32
Stack trace:
#0 C:\Users\phant\Local Sites\lorealv2\app\public\wp-includes\template-loader.php(106): include()
#1 C:\Users\phant\Local Sites\lorealv2\app\public\wp-blog-header.php(19): require_once('C:\\Users\\phant\\...')
#2 C:\Users\phant\Local Sites\lorealv2\app\public\index.php(17): require('C:\\Users\\phant\\...')
#3 {main}
  thrown in C:\Users\phant\Local Sites\lorealv2\app\public\wp-content\themes\loreal\single.php on line 32
[11-Jul-2023 11:50:14 UTC] PHP Fatal error:  Uncaught TypeError: Cannot access offset of type string on string in C:\Users\phant\Local Sites\lorealv2\app\public\wp-content\themes\loreal\single.php:33
Stack trace:
#0 C:\Users\phant\Local Sites\lorealv2\app\public\wp-includes\template-loader.php(106): include()
#1 C:\Users\phant\Local Sites\lorealv2\app\public\wp-blog-header.php(19): require_once('C:\\Users\\phant\\...')
#2 C:\Users\phant\Local Sites\lorealv2\app\public\index.php(17): require('C:\\Users\\phant\\...')
#3 {main}
  thrown in C:\Users\phant\Local Sites\lorealv2\app\public\wp-content\themes\loreal\single.php on line 33
[11-Jul-2023 11:50:34 UTC] PHP Fatal error:  Uncaught TypeError: Cannot access offset of type string on string in C:\Users\phant\Local Sites\lorealv2\app\public\wp-content\themes\loreal\single.php:33
Stack trace:
#0 C:\Users\phant\Local Sites\lorealv2\app\public\wp-includes\template-loader.php(106): include()
#1 C:\Users\phant\Local Sites\lorealv2\app\public\wp-blog-header.php(19): require_once('C:\\Users\\phant\\...')
#2 C:\Users\phant\Local Sites\lorealv2\app\public\index.php(17): require('C:\\Users\\phant\\...')
#3 {main}
  thrown in C:\Users\phant\Local Sites\lorealv2\app\public\wp-content\themes\loreal\single.php on line 33
[11-Jul-2023 11:52:45 UTC] PHP Fatal error:  Uncaught TypeError: Cannot access offset of type string on string in C:\Users\phant\Local Sites\lorealv2\app\public\wp-content\themes\loreal\single.php:188
Stack trace:
#0 C:\Users\phant\Local Sites\lorealv2\app\public\wp-includes\template-loader.php(106): include()
#1 C:\Users\phant\Local Sites\lorealv2\app\public\wp-blog-header.php(19): require_once('C:\\Users\\phant\\...')
#2 C:\Users\phant\Local Sites\lorealv2\app\public\index.php(17): require('C:\\Users\\phant\\...')
#3 {main}
  thrown in C:\Users\phant\Local Sites\lorealv2\app\public\wp-content\themes\loreal\single.php on line 188
[11-Jul-2023 11:54:17 UTC] PHP Fatal error:  Uncaught TypeError: Cannot access offset of type string on string in C:\Users\phant\Local Sites\lorealv2\app\public\wp-content\themes\loreal\single.php:188
Stack trace:
#0 C:\Users\phant\Local Sites\lorealv2\app\public\wp-includes\template-loader.php(106): include()
#1 C:\Users\phant\Local Sites\lorealv2\app\public\wp-blog-header.php(19): require_once('C:\\Users\\phant\\...')
#2 C:\Users\phant\Local Sites\lorealv2\app\public\index.php(17): require('C:\\Users\\phant\\...')
#3 {main}
  thrown in C:\Users\phant\Local Sites\lorealv2\app\public\wp-content\themes\loreal\single.php on line 188
[11-Jul-2023 11:56:56 UTC] PHP Fatal error:  Uncaught TypeError: Cannot access offset of type string on string in C:\Users\phant\Local Sites\lorealv2\app\public\wp-content\themes\loreal\single.php:188
Stack trace:
#0 C:\Users\phant\Local Sites\lorealv2\app\public\wp-includes\template-loader.php(106): include()
#1 C:\Users\phant\Local Sites\lorealv2\app\public\wp-blog-header.php(19): require_once('C:\\Users\\phant\\...')
#2 C:\Users\phant\Local Sites\lorealv2\app\public\index.php(17): require('C:\\Users\\phant\\...')
#3 {main}
  thrown in C:\Users\phant\Local Sites\lorealv2\app\public\wp-content\themes\loreal\single.php on line 188
[11-Jul-2023 11:58:40 UTC] PHP Warning:  Trying to access array offset on value of type bool in C:\Users\phant\Local Sites\lorealv2\app\public\wp-content\themes\loreal\single.php on line 43
[11-Jul-2023 11:58:40 UTC] PHP Fatal error:  Uncaught TypeError: Cannot access offset of type string on string in C:\Users\phant\Local Sites\lorealv2\app\public\wp-content\themes\loreal\single.php:188
Stack trace:
#0 C:\Users\phant\Local Sites\lorealv2\app\public\wp-includes\template-loader.php(106): include()
#1 C:\Users\phant\Local Sites\lorealv2\app\public\wp-blog-header.php(19): require_once('C:\\Users\\phant\\...')
#2 C:\Users\phant\Local Sites\lorealv2\app\public\index.php(17): require('C:\\Users\\phant\\...')
#3 {main}
  thrown in C:\Users\phant\Local Sites\lorealv2\app\public\wp-content\themes\loreal\single.php on line 188
[11-Jul-2023 11:59:43 UTC] PHP Fatal error:  Uncaught TypeError: Cannot access offset of type string on string in C:\Users\phant\Local Sites\lorealv2\app\public\wp-content\themes\loreal\single.php:191
Stack trace:
#0 C:\Users\phant\Local Sites\lorealv2\app\public\wp-includes\template-loader.php(106): include()
#1 C:\Users\phant\Local Sites\lorealv2\app\public\wp-blog-header.php(19): require_once('C:\\Users\\phant\\...')
#2 C:\Users\phant\Local Sites\lorealv2\app\public\index.php(17): require('C:\\Users\\phant\\...')
#3 {main}
  thrown in C:\Users\phant\Local Sites\lorealv2\app\public\wp-content\themes\loreal\single.php on line 191
[11-Jul-2023 12:00:17 UTC] PHP Fatal error:  Uncaught TypeError: Cannot access offset of type string on string in C:\Users\phant\Local Sites\lorealv2\app\public\wp-content\themes\loreal\single.php:188
Stack trace:
#0 C:\Users\phant\Local Sites\lorealv2\app\public\wp-includes\template-loader.php(106): include()
#1 C:\Users\phant\Local Sites\lorealv2\app\public\wp-blog-header.php(19): require_once('C:\\Users\\phant\\...')
#2 C:\Users\phant\Local Sites\lorealv2\app\public\index.php(17): require('C:\\Users\\phant\\...')
#3 {main}
  thrown in C:\Users\phant\Local Sites\lorealv2\app\public\wp-content\themes\loreal\single.php on line 188
[11-Jul-2023 12:01:31 UTC] PHP Fatal error:  Uncaught TypeError: Cannot access offset of type string on string in C:\Users\phant\Local Sites\lorealv2\app\public\wp-content\themes\loreal\single.php:188
Stack trace:
#0 C:\Users\phant\Local Sites\lorealv2\app\public\wp-includes\template-loader.php(106): include()
#1 C:\Users\phant\Local Sites\lorealv2\app\public\wp-blog-header.php(19): require_once('C:\\Users\\phant\\...')
#2 C:\Users\phant\Local Sites\lorealv2\app\public\index.php(17): require('C:\\Users\\phant\\...')
#3 {main}
  thrown in C:\Users\phant\Local Sites\lorealv2\app\public\wp-content\themes\loreal\single.php on line 188
[12-Jul-2023 13:54:50 UTC] PHP Warning:  Trying to access array offset on value of type bool in C:\Users\phant\Local Sites\lorealv2\app\public\wp-content\themes\loreal\single.php on line 40
[12-Jul-2023 13:56:04 UTC] PHP Warning:  Trying to access array offset on value of type bool in C:\Users\phant\Local Sites\lorealv2\app\public\wp-content\themes\loreal\single.php on line 40
[12-Jul-2023 13:56:09 UTC] PHP Warning:  Trying to access array offset on value of type bool in C:\Users\phant\Local Sites\lorealv2\app\public\wp-content\themes\loreal\single.php on line 40
[12-Jul-2023 13:57:14 UTC] PHP Warning:  Trying to access array offset on value of type bool in C:\Users\phant\Local Sites\lorealv2\app\public\wp-content\themes\loreal\single.php on line 40
[12-Jul-2023 13:58:54 UTC] PHP Warning:  Trying to access array offset on value of type bool in C:\Users\phant\Local Sites\lorealv2\app\public\wp-content\themes\loreal\single.php on line 40
[12-Jul-2023 14:00:57 UTC] PHP Warning:  Trying to access array offset on value of type bool in C:\Users\phant\Local Sites\lorealv2\app\public\wp-content\themes\loreal\single.php on line 40
[12-Jul-2023 14:12:01 UTC] PHP Warning:  Trying to access array offset on value of type bool in C:\Users\phant\Local Sites\lorealv2\app\public\wp-content\themes\loreal\single.php on line 40
[12-Jul-2023 14:13:36 UTC] PHP Warning:  Trying to access array offset on value of type bool in C:\Users\phant\Local Sites\lorealv2\app\public\wp-content\themes\loreal\single.php on line 44
[12-Jul-2023 14:13:40 UTC] PHP Warning:  Trying to access array offset on value of type bool in C:\Users\phant\Local Sites\lorealv2\app\public\wp-content\themes\loreal\single.php on line 44
[12-Jul-2023 14:16:31 UTC] PHP Parse error:  syntax error, unexpected token "echo" in C:\Users\phant\Local Sites\lorealv2\app\public\wp-content\themes\loreal\single.php on line 21
[12-Jul-2023 14:16:42 UTC] PHP Parse error:  syntax error, unexpected token "echo" in C:\Users\phant\Local Sites\lorealv2\app\public\wp-content\themes\loreal\single.php on line 21
